restructure_result_20260108

Moved/created files:
- NoteMD/articles/20260105_layera-worldcontext-eng.md -> system/layers/layera-worldcontext.json
- NoteMD/articles/20260105_layerc-dialogueorchestration-eng.md -> system/layers/layerc-dialogueorchestration.json
- NoteMD/articles/20260105_interaction-core-eng.md -> system/layers/interaction-core.json
- NoteMD/articles/20260105_github-commit-manual-en-fixed.md -> system/manuals/github-commit-manual.json
- NoteMD/articles/20251230_vercel-test-ponta.md -> system/logs/ops_vercel-test-ponta.json
- NoteMD/articles/20260102_vercel-access-test.md -> system/logs/ops_vercel-access-test.json
- system/20251213_Bridge\u30c6\u30b9\u30c8.md -> system/logs/ops_bridge-test.json
- system/20251213_E\u30c9\u30e9\u30a4\u30d6\u7d71\u4e00\u30c6\u30b9\u30c8.md -> system/logs/ops_e-drive-unification-test.json
- system/20251217_example-article-commit.md -> system/logs/ops_example-article-commit.json
- system/logs/20260108_bridge_test_log.md -> system/logs/ops_bridge-test-log.json
- articles/*.md -> NoteMD/articles/

Deleted files:
- system/20251213_Bridge\u30c6\u30b9\u30c8.md
- system/20251213_E\u30c9\u30e9\u30a4\u30d6\u7d71\u4e00\u30c6\u30b9\u30c8.md
- system/20251217_example-article-commit.md
- system/20251230_vercel-test-ponta.md
- system/20260102_vercel-access-test.md
- system/20260105_github-commit-manual-en-fixed.md
- system/20260105_interaction-core-eng.md
- system/20260105_layera-worldcontext-eng.md
- system/20260105_layerc-dialogueorchestration-eng.md
- system/logs/20260108_bridge_test_log.md
- articles/ (directory removed)

Path rewrites performed:
- Updated NoteMD/knowledge/knowledge_manifest.json article paths to system/layers and system/manuals.
- Updated meta/session_map.json article path prefix from articles/ to NoteMD/articles/.
- Updated StoryStudio/_collected_for_upload/README_NoteGen.md and NoteMD/knowledge/README_NoteGen.md references to NoteMD/articles/.
- Updated StoryStudio/logs/storyOfKoubou.ini and NoteMD/articles test/setup files to NoteMD/articles/.

Validation checks run:
- find system -name "*.md" -print
- rg -n -P "(?<!NoteMD/)articles/"
